<?xml version="1.0" encoding="UTF-8" ?>
<testsuite errors="0" failures="0" hostname="EYALKOPEL-LT" name="p1.AppiumGridIOS" skipped="0" tests="1" time="105.969" timestamp="2017-11-10T07:24:49">
  <properties>
[...]
</properties>
  <testcase classname="p1.AppiumGridIOS" name="testIOS" time="105.329" />
  <system-out><![CDATA[]]></system-out>
  <system-err><![CDATA[Nov 10, 2017 9:25:51 AM org.openqa.selenium.remote.RemoteWebDriver log
INFO: Executing: findElement [CLOUD-SID:2017-11-10_09-24-56-bf9cd438-7fa5-4b11-8915-2c5e3fa0707d, findElement {using=xpath, value=//*[@accessibilityLabel='Username']}]
Nov 10, 2017 9:25:53 AM org.openqa.selenium.remote.RemoteWebDriver log
INFO: Executed: [CLOUD-SID:2017-11-10_09-24-56-bf9cd438-7fa5-4b11-8915-2c5e3fa0707d, findElement {using=xpath, value=//*[@accessibilityLabel='Username']}]
Nov 10, 2017 9:25:53 AM org.openqa.selenium.remote.RemoteWebDriver log
INFO: Executing: sendKeysToElement [CLOUD-SID:2017-11-10_09-24-56-bf9cd438-7fa5-4b11-8915-2c5e3fa0707d, sendKeysToElement {id=11, value=[Ljava.lang.CharSequence;@6d60fe40}]
Nov 10, 2017 9:25:56 AM org.openqa.selenium.remote.RemoteWebDriver log
INFO: Executed: [CLOUD-SID:2017-11-10_09-24-56-bf9cd438-7fa5-4b11-8915-2c5e3fa0707d, sendKeysToElement {id=11, value=[Ljava.lang.CharSequence;@6d60fe40}]
Nov 10, 2017 9:25:56 AM org.openqa.selenium.remote.RemoteWebDriver log
INFO: Executing: findElement [CLOUD-SID:2017-11-10_09-24-56-bf9cd438-7fa5-4b11-8915-2c5e3fa0707d, findElement {using=xpath, value=//*[@accessibilityLabel='Password']}]
Nov 10, 2017 9:25:58 AM org.openqa.selenium.remote.RemoteWebDriver log
INFO: Executed: [CLOUD-SID:2017-11-10_09-24-56-bf9cd438-7fa5-4b11-8915-2c5e3fa0707d, findElement {using=xpath, value=//*[@accessibilityLabel='Password']}]
Nov 10, 2017 9:25:58 AM org.openqa.selenium.remote.RemoteWebDriver log
INFO: Executing: sendKeysToElement [CLOUD-SID:2017-11-10_09-24-56-bf9cd438-7fa5-4b11-8915-2c5e3fa0707d, sendKeysToElement {id=12, value=[Ljava.lang.CharSequence;@19932c16}]
Nov 10, 2017 9:26:01 AM org.openqa.selenium.remote.RemoteWebDriver log
INFO: Executed: [CLOUD-SID:2017-11-10_09-24-56-bf9cd438-7fa5-4b11-8915-2c5e3fa0707d, sendKeysToElement {id=12, value=[Ljava.lang.CharSequence;@19932c16}]
Nov 10, 2017 9:26:01 AM org.openqa.selenium.remote.RemoteWebDriver log
INFO: Executing: findElement [CLOUD-SID:2017-11-10_09-24-56-bf9cd438-7fa5-4b11-8915-2c5e3fa0707d, findElement {using=xpath, value=xpath=//*[@text='Login']}]
Nov 10, 2017 9:26:02 AM org.openqa.selenium.remote.RemoteWebDriver log
INFO: Executed: [CLOUD-SID:2017-11-10_09-24-56-bf9cd438-7fa5-4b11-8915-2c5e3fa0707d, findElement {using=xpath, value=xpath=//*[@text='Login']}]
Nov 10, 2017 9:26:02 AM org.openqa.selenium.remote.RemoteWebDriver log
INFO: Executing: clickElement [CLOUD-SID:2017-11-10_09-24-56-bf9cd438-7fa5-4b11-8915-2c5e3fa0707d, clickElement {id=13}]
Nov 10, 2017 9:26:03 AM org.openqa.selenium.remote.RemoteWebDriver log
INFO: Executed: [CLOUD-SID:2017-11-10_09-24-56-bf9cd438-7fa5-4b11-8915-2c5e3fa0707d, clickElement {id=13}]
Nov 10, 2017 9:26:03 AM org.openqa.selenium.remote.RemoteWebDriver log
INFO: Executing: findElement [CLOUD-SID:2017-11-10_09-24-56-bf9cd438-7fa5-4b11-8915-2c5e3fa0707d, findElement {using=xpath, value=xpath=//*[@text='Make Payment']}]
Nov 10, 2017 9:26:05 AM org.openqa.selenium.remote.RemoteWebDriver log
INFO: Executed: [CLOUD-SID:2017-11-10_09-24-56-bf9cd438-7fa5-4b11-8915-2c5e3fa0707d, findElement {using=xpath, value=xpath=//*[@text='Make Payment']}]
Nov 10, 2017 9:26:05 AM org.openqa.selenium.remote.RemoteWebDriver log
INFO: Executing: clickElement [CLOUD-SID:2017-11-10_09-24-56-bf9cd438-7fa5-4b11-8915-2c5e3fa0707d, clickElement {id=14}]
Nov 10, 2017 9:26:06 AM org.openqa.selenium.remote.RemoteWebDriver log
INFO: Executed: [CLOUD-SID:2017-11-10_09-24-56-bf9cd438-7fa5-4b11-8915-2c5e3fa0707d, clickElement {id=14}]
Nov 10, 2017 9:26:06 AM org.openqa.selenium.remote.RemoteWebDriver log
INFO: Executing: findElement [CLOUD-SID:2017-11-10_09-24-56-bf9cd438-7fa5-4b11-8915-2c5e3fa0707d, findElement {using=xpath, value=xpath=//*[@text='Select']}]
Nov 10, 2017 9:26:07 AM org.openqa.selenium.remote.RemoteWebDriver log
INFO: Executed: [CLOUD-SID:2017-11-10_09-24-56-bf9cd438-7fa5-4b11-8915-2c5e3fa0707d, findElement {using=xpath, value=xpath=//*[@text='Select']}]
Nov 10, 2017 9:26:07 AM org.openqa.selenium.remote.RemoteWebDriver log
INFO: Executing: clickElement [CLOUD-SID:2017-11-10_09-24-56-bf9cd438-7fa5-4b11-8915-2c5e3fa0707d, clickElement {id=15}]
Nov 10, 2017 9:26:08 AM org.openqa.selenium.remote.RemoteWebDriver log
INFO: Executed: [CLOUD-SID:2017-11-10_09-24-56-bf9cd438-7fa5-4b11-8915-2c5e3fa0707d, clickElement {id=15}]
Nov 10, 2017 9:26:08 AM org.openqa.selenium.remote.RemoteWebDriver log
INFO: Executing: findElement [CLOUD-SID:2017-11-10_09-24-56-bf9cd438-7fa5-4b11-8915-2c5e3fa0707d, findElement {using=xpath, value=//*[@accessibilityLabel='USA']}]
Nov 10, 2017 9:26:09 AM org.openqa.selenium.remote.RemoteWebDriver log
INFO: Executed: [CLOUD-SID:2017-11-10_09-24-56-bf9cd438-7fa5-4b11-8915-2c5e3fa0707d, findElement {using=xpath, value=//*[@accessibilityLabel='USA']}]
Nov 10, 2017 9:26:09 AM org.openqa.selenium.remote.RemoteWebDriver log
INFO: Executing: clickElement [CLOUD-SID:2017-11-10_09-24-56-bf9cd438-7fa5-4b11-8915-2c5e3fa0707d, clickElement {id=16}]
Nov 10, 2017 9:26:10 AM org.openqa.selenium.remote.RemoteWebDriver log
INFO: Executed: [CLOUD-SID:2017-11-10_09-24-56-bf9cd438-7fa5-4b11-8915-2c5e3fa0707d, clickElement {id=16}]
Nov 10, 2017 9:26:10 AM org.openqa.selenium.remote.RemoteWebDriver log
INFO: Executing: findElement [CLOUD-SID:2017-11-10_09-24-56-bf9cd438-7fa5-4b11-8915-2c5e3fa0707d, findElement {using=xpath, value=xpath=//*[@accessibilityLabel='Cancel']}]
Nov 10, 2017 9:26:11 AM org.openqa.selenium.remote.RemoteWebDriver log
INFO: Executed: [CLOUD-SID:2017-11-10_09-24-56-bf9cd438-7fa5-4b11-8915-2c5e3fa0707d, findElement {using=xpath, value=xpath=//*[@accessibilityLabel='Cancel']}]
Nov 10, 2017 9:26:11 AM org.openqa.selenium.remote.RemoteWebDriver log
INFO: Executing: clickElement [CLOUD-SID:2017-11-10_09-24-56-bf9cd438-7fa5-4b11-8915-2c5e3fa0707d, clickElement {id=17}]
Nov 10, 2017 9:26:12 AM org.openqa.selenium.remote.RemoteWebDriver log
INFO: Executed: [CLOUD-SID:2017-11-10_09-24-56-bf9cd438-7fa5-4b11-8915-2c5e3fa0707d, clickElement {id=17}]
Nov 10, 2017 9:26:12 AM org.openqa.selenium.remote.RemoteWebDriver log
INFO: Executing: findElement [CLOUD-SID:2017-11-10_09-24-56-bf9cd438-7fa5-4b11-8915-2c5e3fa0707d, findElement {using=xpath, value=xpath=//*[@accessibilityLabel='Logout']}]
Nov 10, 2017 9:26:13 AM org.openqa.selenium.remote.RemoteWebDriver log
INFO: Executed: [CLOUD-SID:2017-11-10_09-24-56-bf9cd438-7fa5-4b11-8915-2c5e3fa0707d, findElement {using=xpath, value=xpath=//*[@accessibilityLabel='Logout']}]
Nov 10, 2017 9:26:13 AM org.openqa.selenium.remote.RemoteWebDriver log
INFO: Executing: clickElement [CLOUD-SID:2017-11-10_09-24-56-bf9cd438-7fa5-4b11-8915-2c5e3fa0707d, clickElement {id=18}]
Nov 10, 2017 9:26:14 AM org.openqa.selenium.remote.RemoteWebDriver log
INFO: Executed: [CLOUD-SID:2017-11-10_09-24-56-bf9cd438-7fa5-4b11-8915-2c5e3fa0707d, clickElement {id=18}]
Nov 10, 2017 9:26:14 AM org.openqa.selenium.remote.RemoteWebDriver log
INFO: Executing: get [CLOUD-SID:2017-11-10_09-24-56-bf9cd438-7fa5-4b11-8915-2c5e3fa0707d, get {url=http://www.wikipedia.org}]
Nov 10, 2017 9:26:29 AM org.openqa.selenium.remote.RemoteWebDriver log
INFO: Executed: [CLOUD-SID:2017-11-10_09-24-56-bf9cd438-7fa5-4b11-8915-2c5e3fa0707d, get {url=http://www.wikipedia.org}]
Nov 10, 2017 9:26:29 AM org.openqa.selenium.remote.RemoteWebDriver log
INFO: Executing: quit [CLOUD-SID:2017-11-10_09-24-56-bf9cd438-7fa5-4b11-8915-2c5e3fa0707d, quit {}]
Nov 10, 2017 9:26:34 AM org.openqa.selenium.remote.RemoteWebDriver log
INFO: Executed: [CLOUD-SID:2017-11-10_09-24-56-bf9cd438-7fa5-4b11-8915-2c5e3fa0707d, quit {}]
]]></system-err>
</testsuite>
