<?xml version="1.0" encoding="UTF-8" ?>
<testsuite errors="0" failures="0" hostname="EYALKOPEL-LT" name="p1.testappium" skipped="0" tests="1" time="92.77" timestamp="2017-09-05T07:18:27">
  <properties>
[...]
</properties>
  <testcase classname="p1.testappium" name="testAppium" time="92.39" />
  <system-out><![CDATA[]]></system-out>
  <system-err><![CDATA[Sep 05, 2017 10:19:24 AM org.openqa.selenium.remote.RemoteWebDriver log
INFO: Executing: switchToContext [CLOUD-SID:2017-09-05_10-18-29-0114123d-5c0c-4c3e-b073-a6ee71429a1a, switchToContext {name=NATIVE_APP}]
Sep 05, 2017 10:19:26 AM org.openqa.selenium.remote.RemoteWebDriver log
INFO: Executed: [CLOUD-SID:2017-09-05_10-18-29-0114123d-5c0c-4c3e-b073-a6ee71429a1a, switchToContext {name=NATIVE_APP}]
Sep 05, 2017 10:19:26 AM org.openqa.selenium.remote.RemoteWebDriver log
INFO: Executing: findElement [CLOUD-SID:2017-09-05_10-18-29-0114123d-5c0c-4c3e-b073-a6ee71429a1a, findElement {using=id, value=usernameTextField}]
Sep 05, 2017 10:19:27 AM org.openqa.selenium.remote.RemoteWebDriver log
INFO: Executed: [CLOUD-SID:2017-09-05_10-18-29-0114123d-5c0c-4c3e-b073-a6ee71429a1a, findElement {using=id, value=usernameTextField}]
Sep 05, 2017 10:19:27 AM org.openqa.selenium.remote.RemoteWebDriver log
INFO: Executing: sendKeysToElement [CLOUD-SID:2017-09-05_10-18-29-0114123d-5c0c-4c3e-b073-a6ee71429a1a, sendKeysToElement {id=11, value=[Ljava.lang.CharSequence;@5939a379}]
Sep 05, 2017 10:19:36 AM org.openqa.selenium.remote.RemoteWebDriver log
INFO: Executed: [CLOUD-SID:2017-09-05_10-18-29-0114123d-5c0c-4c3e-b073-a6ee71429a1a, sendKeysToElement {id=11, value=[Ljava.lang.CharSequence;@5939a379}]
Sep 05, 2017 10:19:36 AM org.openqa.selenium.remote.RemoteWebDriver log
INFO: Executing: findElement [CLOUD-SID:2017-09-05_10-18-29-0114123d-5c0c-4c3e-b073-a6ee71429a1a, findElement {using=id, value=passwordTextField}]
Sep 05, 2017 10:19:38 AM org.openqa.selenium.remote.RemoteWebDriver log
INFO: Executed: [CLOUD-SID:2017-09-05_10-18-29-0114123d-5c0c-4c3e-b073-a6ee71429a1a, findElement {using=id, value=passwordTextField}]
Sep 05, 2017 10:19:38 AM org.openqa.selenium.remote.RemoteWebDriver log
INFO: Executing: sendKeysToElement [CLOUD-SID:2017-09-05_10-18-29-0114123d-5c0c-4c3e-b073-a6ee71429a1a, sendKeysToElement {id=12, value=[Ljava.lang.CharSequence;@3541cb24}]
Sep 05, 2017 10:19:42 AM org.openqa.selenium.remote.RemoteWebDriver log
INFO: Executed: [CLOUD-SID:2017-09-05_10-18-29-0114123d-5c0c-4c3e-b073-a6ee71429a1a, sendKeysToElement {id=12, value=[Ljava.lang.CharSequence;@3541cb24}]
Sep 05, 2017 10:19:42 AM org.openqa.selenium.remote.RemoteWebDriver log
INFO: Executing: findElement [CLOUD-SID:2017-09-05_10-18-29-0114123d-5c0c-4c3e-b073-a6ee71429a1a, findElement {using=id, value=loginButton}]
Sep 05, 2017 10:19:44 AM org.openqa.selenium.remote.RemoteWebDriver log
INFO: Executed: [CLOUD-SID:2017-09-05_10-18-29-0114123d-5c0c-4c3e-b073-a6ee71429a1a, findElement {using=id, value=loginButton}]
Sep 05, 2017 10:19:44 AM org.openqa.selenium.remote.RemoteWebDriver log
INFO: Executing: clickElement [CLOUD-SID:2017-09-05_10-18-29-0114123d-5c0c-4c3e-b073-a6ee71429a1a, clickElement {id=13}]
Sep 05, 2017 10:19:44 AM org.openqa.selenium.remote.RemoteWebDriver log
INFO: Executed: [CLOUD-SID:2017-09-05_10-18-29-0114123d-5c0c-4c3e-b073-a6ee71429a1a, clickElement {id=13}]
Sep 05, 2017 10:19:44 AM org.openqa.selenium.remote.RemoteWebDriver log
INFO: Executing: quit [CLOUD-SID:2017-09-05_10-18-29-0114123d-5c0c-4c3e-b073-a6ee71429a1a, quit {}]
Sep 05, 2017 10:20:00 AM org.openqa.selenium.remote.RemoteWebDriver log
INFO: Executed: [CLOUD-SID:2017-09-05_10-18-29-0114123d-5c0c-4c3e-b073-a6ee71429a1a, quit {}]
]]></system-err>
</testsuite>
